#
# There is insufficient memory for the Java Runtime Environment to continue.
# Native memory allocation (mmap) failed to map 105906176 bytes for committing reserved memory.
# Possible reasons:
#   The system is out of physical RAM or swap space
#   In 32 bit mode, the process size limit was hit
# Possible solutions:
#   Reduce memory load on the system
#   Increase physical memory or swap space
#   Check if swap backing store is full
#   Use 64 bit Java on a 64 bit OS
#   Decrease Java heap size (-Xmx/-Xms)
#   Decrease number of Java threads
#   Decrease Java thread stack sizes (-Xss)
#   Set larger code cache with -XX:ReservedCodeCacheSize=
# This output file may be truncated or incomplete.
#
#  Out of Memory Error (os_linux.cpp:2627), pid=24870, tid=0x00007fba09d92700
#
# JRE version: OpenJDK Runtime Environment (8.0_76-b03) (build 1.8.0_76-release-b03)
# Java VM: OpenJDK 64-Bit Server VM (25.76-b03 mixed mode linux-amd64 compressed oops)
# Failed to write core dump. Core dumps have been disabled. To enable core dumping, try "ulimit -c unlimited" before starting Java again
#

---------------  T H R E A D  ---------------

Current thread (0x00007fba1c077800):  VMThread [stack: 0x00007fba09c92000,0x00007fba09d93000] [id=24879]

Stack: [0x00007fba09c92000,0x00007fba09d93000],  sp=0x00007fba09d914c0,  free space=1021k
Native frames: (J=compiled Java code, j=interpreted, Vv=VM code, C=native code)
V  [libjvm.so+0x9d9fcd]  VMError::report_and_die()+0x15d
V  [libjvm.so+0x4b4d4a]  report_vm_out_of_memory(char const*, int, unsigned long, VMErrorType, char const*)+0x8a
V  [libjvm.so+0x845190]  os::pd_commit_memory(char*, unsigned long, unsigned long, bool)+0xf0
V  [libjvm.so+0x83fcbf]  os::commit_memory(char*, unsigned long, unsigned long, bool)+0x1f
V  [libjvm.so+0x8b4d9b]  PSVirtualSpace::expand_by(unsigned long)+0x5b
V  [libjvm.so+0x8b5a10]  PSYoungGen::resize_generation(unsigned long, unsigned long)+0xb0
V  [libjvm.so+0x8b5d2b]  PSYoungGen::resize(unsigned long, unsigned long)+0x1b
V  [libjvm.so+0x8b241c]  PSScavenge::invoke_no_policy()+0xdac
V  [libjvm.so+0x8b2bf8]  PSScavenge::invoke()+0x38
V  [libjvm.so+0x8681f3]  ParallelScavengeHeap::failed_mem_allocate(unsigned long)+0x63
V  [libjvm.so+0x9dba94]  VM_ParallelGCFailedAllocation::doit()+0x84
V  [libjvm.so+0x9dfe47]  VM_Operation::evaluate()+0x47
V  [libjvm.so+0x9de908]  VMThread::evaluate_operation(VM_Operation*)+0x2c8
V  [libjvm.so+0x9ded89]  VMThread::loop()+0x219
V  [libjvm.so+0x9df1d2]  VMThread::run()+0x72
V  [libjvm.so+0x8425b2]  java_start(Thread*)+0xf2

VM_Operation (0x00007fba08abc260): ParallelGCFailedAllocation, mode: safepoint, requested by thread 0x00007fba1c158000


---------------  P R O C E S S  ---------------

Java Threads: ( => current thread )
  0x00007fba1c15e800 JavaThread "pool-2-thread-4" [_thread_blocked, id=24932, stack(0x00007fba085b9000,0x00007fba086ba000)]
  0x00007fba1c15d000 JavaThread "pool-2-thread-3" [_thread_blocked, id=24930, stack(0x00007fba086ba000,0x00007fba087bb000)]
  0x00007fba1c15b000 JavaThread "pool-2-thread-2" [_thread_blocked, id=24924, stack(0x00007fba087bb000,0x00007fba088bc000)]
  0x00007fba1c159800 JavaThread "pool-3-thread-1" [_thread_blocked, id=24923, stack(0x00007fba088bc000,0x00007fba089bd000)]
  0x00007fba1c158000 JavaThread "pool-2-thread-1" [_thread_blocked, id=24922, stack(0x00007fba089bd000,0x00007fba08abe000)]
  0x00007fba1c0da000 JavaThread "Service Thread" daemon [_thread_blocked, id=24899, stack(0x00007fba08bcc000,0x00007fba08ccd000)]
  0x00007fba1c0bc800 JavaThread "C1 CompilerThread2" daemon [_thread_blocked, id=24898, stack(0x00007fba08ccd000,0x00007fba08dce000)]
  0x00007fba1c0bb000 JavaThread "C2 CompilerThread1" daemon [_thread_blocked, id=24897, stack(0x00007fba08dce000,0x00007fba08ecf000)]
  0x00007fba1c0b8000 JavaThread "C2 CompilerThread0" daemon [_thread_in_native, id=24896, stack(0x00007fba08ecf000,0x00007fba08fd0000)]
  0x00007fba1c0b6800 JavaThread "Signal Dispatcher" daemon [_thread_blocked, id=24894, stack(0x00007fba08fd0000,0x00007fba090d1000)]
  0x00007fba1c084000 JavaThread "Finalizer" daemon [_thread_blocked, id=24881, stack(0x00007fba09a90000,0x00007fba09b91000)]
  0x00007fba1c07f800 JavaThread "Reference Handler" daemon [_thread_blocked, id=24880, stack(0x00007fba09b91000,0x00007fba09c92000)]
  0x00007fba1c00a000 JavaThread "main" [_thread_blocked, id=24872, stack(0x00007fba2425f000,0x00007fba24360000)]

Other Threads:
=>0x00007fba1c077800 VMThread [stack: 0x00007fba09c92000,0x00007fba09d93000] [id=24879]
  0x00007fba1c0e4800 WatcherThread [stack: 0x00007fba08acb000,0x00007fba08bcc000] [id=24900]

VM state:at safepoint (normal execution)

VM Mutex/Monitor currently owned by a thread:  ([mutex/lock_event])
[0x00007fba1c0067e0] Threads_lock - owner thread: 0x00007fba1c077800
[0x00007fba1c006ce0] Heap_lock - owner thread: 0x00007fba1c158000

Heap:
 PSYoungGen      total 105472K, used 14319K [0x00000000eab00000, 0x00000000f2300000, 0x0000000100000000)
  eden space 91136K, 0% used [0x00000000eab00000,0x00000000eab00000,0x00000000f0400000)
  from space 14336K, 99% used [0x00000000f0400000,0x00000000f11fbe60,0x00000000f1200000)
  to   space 11264K, 0% used [0x00000000f1200000,0x00000000f1200000,0x00000000f1d00000)
 ParOldGen       total 61440K, used 30603K [0x00000000c0000000, 0x00000000c3c00000, 0x00000000eab00000)
  object space 61440K, 49% used [0x00000000c0000000,0x00000000c1de2f10,0x00000000c3c00000)
 Metaspace       used 6268K, capacity 7088K, committed 7296K, reserved 1056768K
  class space    used 589K, capacity 616K, committed 640K, reserved 1048576K

Card table byte_map: [0x00007fba20efa000,0x00007fba210fb000] byte_map_base: 0x00007fba208fa000

Marking Bits: (ParMarkBitMap*) 0x00007fba2372c1a0
 Begin Bits: [0x00007fba0b000000, 0x00007fba0c000000)
 End Bits:   [0x00007fba0c000000, 0x00007fba0d000000)

Polling page: 0x00007fba2437c000

CodeCache: size=245760Kb used=6596Kb max_used=6596Kb free=239163Kb
 bounds [0x00007fba0d000000, 0x00007fba0d680000, 0x00007fba1c000000]
 total_blobs=2042 nmethods=1775 adapters=181
 compilation: enabled

Compilation events (10 events):
Event: 13,792 Thread 0x00007fba1c0bc800 2112       2       com.android.dx.util.ByteArray::access$100 (6 bytes)
Event: 13,793 Thread 0x00007fba1c0bc800 nmethod 2112 0x00007fba0d671550 code [0x00007fba0d6716c0, 0x00007fba0d671830]
Event: 13,872 Thread 0x00007fba1c0bc800 2113       3       com.android.dx.cf.code.Merger::mergeLocals (122 bytes)
Event: 13,875 Thread 0x00007fba1c0bc800 nmethod 2113 0x00007fba0d671950 code [0x00007fba0d671be0, 0x00007fba0d672cc8]
Event: 13,884 Thread 0x00007fba1c0bc800 2115       2       java.util.concurrent.FutureTask::finishCompletion (74 bytes)
Event: 13,886 Thread 0x00007fba1c0bc800 nmethod 2115 0x00007fba0d673c90 code [0x00007fba0d673e20, 0x00007fba0d674148]
Event: 13,886 Thread 0x00007fba1c0bc800 2116       2       java.util.concurrent.FutureTask::done (1 bytes)
Event: 13,886 Thread 0x00007fba1c0bc800 nmethod 2116 0x00007fba0d6742d0 code [0x00007fba0d674420, 0x00007fba0d674570]
Event: 13,970 Thread 0x00007fba1c0bc800 2118       2       com.android.dx.rop.type.Type::getArrayType (50 bytes)
Event: 13,971 Thread 0x00007fba1c0bc800 nmethod 2118 0x00007fba0d6745d0 code [0x00007fba0d674780, 0x00007fba0d674be8]

GC Heap History (10 events):
Event: 4,896 GC heap after
Heap after GC invocations=2 (full 0):
 PSYoungGen      total 27136K, used 3578K [0x00000000eab00000, 0x00000000ee000000, 0x0000000100000000)
  eden space 23552K, 0% used [0x00000000eab00000,0x00000000eab00000,0x00000000ec200000)
  from space 3584K, 99% used [0x00000000ec580000,0x00000000ec8feac8,0x00000000ec900000)
  to   space 3584K, 0% used [0x00000000ec200000,0x00000000ec200000,0x00000000ec580000)
 ParOldGen       total 61440K, used 2941K [0x00000000c0000000, 0x00000000c3c00000, 0x00000000eab00000)
  object space 61440K, 4% used [0x00000000c0000000,0x00000000c02df5c0,0x00000000c3c00000)
 Metaspace       used 5834K, capacity 6832K, committed 7040K, reserved 1056768K
  class space    used 569K, capacity 616K, committed 640K, reserved 1048576K
}
Event: 6,005 GC heap before
{Heap before GC invocations=3 (full 0):
 PSYoungGen      total 27136K, used 27130K [0x00000000eab00000, 0x00000000ee000000, 0x0000000100000000)
  eden space 23552K, 100% used [0x00000000eab00000,0x00000000ec200000,0x00000000ec200000)
  from space 3584K, 99% used [0x00000000ec580000,0x00000000ec8feac8,0x00000000ec900000)
  to   space 3584K, 0% used [0x00000000ec200000,0x00000000ec200000,0x00000000ec580000)
 ParOldGen       total 61440K, used 2941K [0x00000000c0000000, 0x00000000c3c00000, 0x00000000eab00000)
  object space 61440K, 4% used [0x00000000c0000000,0x00000000c02df5c0,0x00000000c3c00000)
 Metaspace       used 5886K, capacity 6896K, committed 7040K, reserved 1056768K
  class space    used 570K, capacity 616K, committed 640K, reserved 1048576K
Event: 6,165 GC heap after
Heap after GC invocations=3 (full 0):
 PSYoungGen      total 27136K, used 3568K [0x00000000eab00000, 0x00000000ee000000, 0x0000000100000000)
  eden space 23552K, 0% used [0x00000000eab00000,0x00000000eab00000,0x00000000ec200000)
  from space 3584K, 99% used [0x00000000ec200000,0x00000000ec57c028,0x00000000ec580000)
  to   space 3584K, 0% used [0x00000000edc80000,0x00000000edc80000,0x00000000ee000000)
 ParOldGen       total 61440K, used 7054K [0x00000000c0000000, 0x00000000c3c00000, 0x00000000eab00000)
  object space 61440K, 11% used [0x00000000c0000000,0x00000000c06e39a0,0x00000000c3c00000)
 Metaspace       used 5886K, capacity 6896K, committed 7040K, reserved 1056768K
  class space    used 570K, capacity 616K, committed 640K, reserved 1048576K
}
Event: 7,030 GC heap before
{Heap before GC invocations=4 (full 0):
 PSYoungGen      total 27136K, used 27120K [0x00000000eab00000, 0x00000000ee000000, 0x0000000100000000)
  eden space 23552K, 100% used [0x00000000eab00000,0x00000000ec200000,0x00000000ec200000)
  from space 3584K, 99% used [0x00000000ec200000,0x00000000ec57c028,0x00000000ec580000)
  to   space 3584K, 0% used [0x00000000edc80000,0x00000000edc80000,0x00000000ee000000)
 ParOldGen       total 61440K, used 7054K [0x00000000c0000000, 0x00000000c3c00000, 0x00000000eab00000)
  object space 61440K, 11% used [0x00000000c0000000,0x00000000c06e39a0,0x00000000c3c00000)
 Metaspace       used 5918K, capacity 6896K, committed 7040K, reserved 1056768K
  class space    used 570K, capacity 616K, committed 640K, reserved 1048576K
Event: 7,149 GC heap after
Heap after GC invocations=4 (full 0):
 PSYoungGen      total 50688K, used 3571K [0x00000000eab00000, 0x00000000ee000000, 0x0000000100000000)
  eden space 47104K, 0% used [0x00000000eab00000,0x00000000eab00000,0x00000000ed900000)
  from space 3584K, 99% used [0x00000000edc80000,0x00000000edffcdf8,0x00000000ee000000)
  to   space 3584K, 0% used [0x00000000ed900000,0x00000000ed900000,0x00000000edc80000)
 ParOldGen       total 61440K, used 10320K [0x00000000c0000000, 0x00000000c3c00000, 0x00000000eab00000)
  object space 61440K, 16% used [0x00000000c0000000,0x00000000c0a143c0,0x00000000c3c00000)
 Metaspace       used 5918K, capacity 6896K, committed 7040K, reserved 1056768K
  class space    used 570K, capacity 616K, committed 640K, reserved 1048576K
}
Event: 9,467 GC heap before
{Heap before GC invocations=5 (full 0):
 PSYoungGen      total 50688K, used 50675K [0x00000000eab00000, 0x00000000ee000000, 0x0000000100000000)
  eden space 47104K, 100% used [0x00000000eab00000,0x00000000ed900000,0x00000000ed900000)
  from space 3584K, 99% used [0x00000000edc80000,0x00000000edffcdf8,0x00000000ee000000)
  to   space 3584K, 0% used [0x00000000ed900000,0x00000000ed900000,0x00000000edc80000)
 ParOldGen       total 61440K, used 10320K [0x00000000c0000000, 0x00000000c3c00000, 0x00000000eab00000)
  object space 61440K, 16% used [0x00000000c0000000,0x00000000c0a143c0,0x00000000c3c00000)
 Metaspace       used 5958K, capacity 6960K, committed 7040K, reserved 1056768K
  class space    used 570K, capacity 616K, committed 640K, reserved 1048576K
Event: 9,604 GC heap after
Heap after GC invocations=5 (full 0):
 PSYoungGen      total 50688K, used 3568K [0x00000000eab00000, 0x00000000f1d00000, 0x0000000100000000)
  eden space 47104K, 0% used [0x00000000eab00000,0x00000000eab00000,0x00000000ed900000)
  from space 3584K, 99% used [0x00000000ed900000,0x00000000edc7c028,0x00000000edc80000)
  to   space 11264K, 0% used [0x00000000f1200000,0x00000000f1200000,0x00000000f1d00000)
 ParOldGen       total 61440K, used 17203K [0x00000000c0000000, 0x00000000c3c00000, 0x00000000eab00000)
  object space 61440K, 28% used [0x00000000c0000000,0x00000000c10ccce0,0x00000000c3c00000)
 Metaspace       used 5958K, capacity 6960K, committed 7040K, reserved 1056768K
  class space    used 570K, capacity 616K, committed 640K, reserved 1048576K
}
Event: 11,072 GC heap before
{Heap before GC invocations=6 (full 0):
 PSYoungGen      total 50688K, used 50672K [0x00000000eab00000, 0x00000000f1d00000, 0x0000000100000000)
  eden space 47104K, 100% used [0x00000000eab00000,0x00000000ed900000,0x00000000ed900000)
  from space 3584K, 99% used [0x00000000ed900000,0x00000000edc7c028,0x00000000edc80000)
  to   space 11264K, 0% used [0x00000000f1200000,0x00000000f1200000,0x00000000f1d00000)
 ParOldGen       total 61440K, used 17203K [0x00000000c0000000, 0x00000000c3c00000, 0x00000000eab00000)
  object space 61440K, 28% used [0x00000000c0000000,0x00000000c10ccce0,0x00000000c3c00000)
 Metaspace       used 6050K, capacity 7024K, committed 7296K, reserved 1056768K
  class space    used 571K, capacity 616K, committed 640K, reserved 1048576K
Event: 11,210 GC heap after
Heap after GC invocations=6 (full 0):
 PSYoungGen      total 102400K, used 11238K [0x00000000eab00000, 0x00000000f2300000, 0x0000000100000000)
  eden space 91136K, 0% used [0x00000000eab00000,0x00000000eab00000,0x00000000f0400000)
  from space 11264K, 99% used [0x00000000f1200000,0x00000000f1cf98a8,0x00000000f1d00000)
  to   space 14336K, 0% used [0x00000000f0400000,0x00000000f0400000,0x00000000f1200000)
 ParOldGen       total 61440K, used 19452K [0x00000000c0000000, 0x00000000c3c00000, 0x00000000eab00000)
  object space 61440K, 31% used [0x00000000c0000000,0x00000000c12ff140,0x00000000c3c00000)
 Metaspace       used 6050K, capacity 7024K, committed 7296K, reserved 1056768K
  class space    used 571K, capacity 616K, committed 640K, reserved 1048576K
}
Event: 14,072 GC heap before
{Heap before GC invocations=7 (full 0):
 PSYoungGen      total 102400K, used 102374K [0x00000000eab00000, 0x00000000f2300000, 0x0000000100000000)
  eden space 91136K, 100% used [0x00000000eab00000,0x00000000f0400000,0x00000000f0400000)
  from space 11264K, 99% used [0x00000000f1200000,0x00000000f1cf98a8,0x00000000f1d00000)
  to   space 14336K, 0% used [0x00000000f0400000,0x00000000f0400000,0x00000000f1200000)
 ParOldGen       total 61440K, used 19452K [0x00000000c0000000, 0x00000000c3c00000, 0x00000000eab00000)
  object space 61440K, 31% used [0x00000000c0000000,0x00000000c12ff140,0x00000000c3c00000)
 Metaspace       used 6268K, capacity 7088K, committed 7296K, reserved 1056768K
  class space    used 589K, capacity 616K, committed 640K, reserved 1048576K

Deoptimization events (10 events):
Event: 5,428 Thread 0x00007fba1c15d000 Uncommon trap: reason=unstable_if action=reinterpret pc=0x00007fba0d362d3c method=com.android.dx.ssa.SsaMethod.updateOneDefinition(Lcom/android/dx/ssa/SsaInsn;Lcom/android/dx/rop/code/RegisterSpec;)V @ 4
Event: 6,425 Thread 0x00007fba1c00a000 Uncommon trap: reason=unstable_if action=reinterpret pc=0x00007fba0d2576c8 method=java.lang.String.<init>([CII)V @ 18
Event: 6,455 Thread 0x00007fba1c00a000 Uncommon trap: reason=unstable_if action=reinterpret pc=0x00007fba0d1df954 method=java.lang.String.<init>([CII)V @ 18
Event: 6,840 Thread 0x00007fba1c00a000 Uncommon trap: reason=unstable_if action=reinterpret pc=0x00007fba0d2db354 method=com.android.dx.ssa.SsaMethod.deleteInsns(Ljava/util/Set;)V @ 130
Event: 7,678 Thread 0x00007fba1c15e800 Uncommon trap: reason=unstable_if action=reinterpret pc=0x00007fba0d49e60c method=com.android.dx.ssa.SCCP.simulateStmt(Lcom/android/dx/ssa/SsaInsn;)V @ 53
Event: 12,423 Thread 0x00007fba1c00a000 Uncommon trap: reason=bimorphic action=maybe_recompile pc=0x00007fba0d63ce58 method=com.android.dx.cf.code.BytecodeArray.parseInstruction(ILcom/android/dx/cf/code/BytecodeArray$Visitor;)I @ 907
Event: 12,423 Thread 0x00007fba1c00a000 Uncommon trap: reason=bimorphic action=maybe_recompile pc=0x00007fba0d63ce58 method=com.android.dx.cf.code.BytecodeArray.parseInstruction(ILcom/android/dx/cf/code/BytecodeArray$Visitor;)I @ 907
Event: 12,423 Thread 0x00007fba1c00a000 Uncommon trap: reason=bimorphic action=maybe_recompile pc=0x00007fba0d63ce58 method=com.android.dx.cf.code.BytecodeArray.parseInstruction(ILcom/android/dx/cf/code/BytecodeArray$Visitor;)I @ 907
Event: 12,423 Thread 0x00007fba1c00a000 Uncommon trap: reason=bimorphic action=maybe_recompile pc=0x00007fba0d63ce58 method=com.android.dx.cf.code.BytecodeArray.parseInstruction(ILcom/android/dx/cf/code/BytecodeArray$Visitor;)I @ 907
Event: 12,702 Thread 0x00007fba1c00a000 Uncommon trap: reason=unstable_if action=reinterpret pc=0x00007fba0d254f4c method=java.util.HashMap.putVal(ILjava/lang/Object;Ljava/lang/Object;ZZ)Ljava/lang/Object; @ 162

Internal exceptions (6 events):
Event: 0,240 Thread 0x00007fba1c00a000 Exception <a 'java/lang/NoSuchMethodError': Method sun.misc.Unsafe.defineClass(Ljava/lang/String;[BII)Ljava/lang/Class; name or signature does not match> (0x00000000eab07cc0) thrown at [/ssd/Android/AOSP-openjdk/external/jetbrains/jdk/hotspot/src/share/vm
Event: 0,240 Thread 0x00007fba1c00a000 Exception <a 'java/lang/NoSuchMethodError': Method sun.misc.Unsafe.prefetchRead(Ljava/lang/Object;J)V name or signature does not match> (0x00000000eab07fa8) thrown at [/ssd/Android/AOSP-openjdk/external/jetbrains/jdk/hotspot/src/share/vm/prims/jni.cpp, li
Event: 2,690 Thread 0x00007fba1c00a000 Implicit null exception at 0x00007fba0d2531a2 to 0x00007fba0d253293
Event: 12,743 Thread 0x00007fba1c00a000 Exception <a 'java/lang/ArrayIndexOutOfBoundsException': 18> (0x00000000ee9007d0) thrown at [/ssd/Android/AOSP-openjdk/external/jetbrains/jdk/hotspot/src/share/vm/interpreter/interpreterRuntime.cpp, line 366]
Event: 12,746 Thread 0x00007fba1c00a000 Exception <a 'java/lang/ArrayIndexOutOfBoundsException'> (0x00000000ee902350) thrown at [/ssd/Android/AOSP-openjdk/external/jetbrains/jdk/hotspot/src/share/vm/runtime/sharedRuntime.cpp, line 605]
Event: 12,758 Thread 0x00007fba1c00a000 Exception <a 'java/lang/ArrayIndexOutOfBoundsException'> (0x00000000ee903638) thrown at [/ssd/Android/AOSP-openjdk/external/jetbrains/jdk/hotspot/src/share/vm/runtime/sharedRuntime.cpp, line 605]

Events (10 events):
Event: 13,626 Thread 0x00007fba1c00a000 DEOPT UNPACKING pc=0x00007fba0d047373 sp=0x00007fba2435d810 mode 0
Event: 13,668 Thread 0x00007fba1c15d000 DEOPT PACKING pc=0x00007fba0d297c51 sp=0x00007fba087b8ea0
Event: 13,669 Thread 0x00007fba1c15d000 DEOPT UNPACKING pc=0x00007fba0d047373 sp=0x00007fba087b8bf8 mode 0
Event: 13,744 Thread 0x00007fba1c15d000 DEOPT PACKING pc=0x00007fba0d391b1f sp=0x00007fba087b8ed0
Event: 13,744 Thread 0x00007fba1c15d000 DEOPT UNPACKING pc=0x00007fba0d047373 sp=0x00007fba087b8cb8 mode 0
Event: 13,924 Thread 0x00007fba1c00a000 DEOPT PACKING pc=0x00007fba0d4ea102 sp=0x00007fba2435d930
Event: 13,924 Thread 0x00007fba1c00a000 DEOPT UNPACKING pc=0x00007fba0d047373 sp=0x00007fba2435d670 mode 0
Event: 13,961 Thread 0x00007fba1c15b000 DEOPT PACKING pc=0x00007fba0d297c51 sp=0x00007fba088b9ea0
Event: 13,961 Thread 0x00007fba1c15b000 DEOPT UNPACKING pc=0x00007fba0d047373 sp=0x00007fba088b9bf8 mode 0
Event: 14,050 Executing VM operation: ParallelGCFailedAllocation


Dynamic libraries:
00400000-00401000 r-xp 00000000 08:04 3288421                            /home/luis/Aplications/android-studio/jre/bin/java
00600000-00601000 r--p 00000000 08:04 3288421                            /home/luis/Aplications/android-studio/jre/bin/java
00601000-00602000 rw-p 00001000 08:04 3288421                            /home/luis/Aplications/android-studio/jre/bin/java
025ce000-025ef000 rw-p 00000000 00:00 0                                  [heap]
c0000000-c3c00000 rw-p 00000000 00:00 0 
c3c00000-eab00000 ---p 00000000 00:00 0 
eab00000-f2300000 rw-p 00000000 00:00 0 
f8800000-100000000 ---p 00000000 00:00 0 
100000000-1000a0000 rw-p 00000000 00:00 0 
1000a0000-140000000 ---p 00000000 00:00 0 
7fb9bc000000-7fb9bc021000 rw-p 00000000 00:00 0 
7fb9bc021000-7fb9c0000000 ---p 00000000 00:00 0 
7fb9c4000000-7fb9c4021000 rw-p 00000000 00:00 0 
7fb9c4021000-7fb9c8000000 ---p 00000000 00:00 0 
7fb9c8000000-7fb9c8025000 rw-p 00000000 00:00 0 
7fb9c8025000-7fb9cc000000 ---p 00000000 00:00 0 
7fb9cc000000-7fb9cc031000 rw-p 00000000 00:00 0 
7fb9cc031000-7fb9d0000000 ---p 00000000 00:00 0 
7fb9d0000000-7fb9d0021000 rw-p 00000000 00:00 0 
7fb9d0021000-7fb9d4000000 ---p 00000000 00:00 0 
7fb9d4000000-7fb9d4021000 rw-p 00000000 00:00 0 
7fb9d4021000-7fb9d8000000 ---p 00000000 00:00 0 
7fb9d8000000-7fb9d8021000 rw-p 00000000 00:00 0 
7fb9d8021000-7fb9dc000000 ---p 00000000 00:00 0 
7fb9dc000000-7fb9dccfb000 rw-p 00000000 00:00 0 
7fb9dccfb000-7fb9e0000000 ---p 00000000 00:00 0 
7fb9e0000000-7fb9e0a87000 rw-p 00000000 00:00 0 
7fb9e0a87000-7fb9e4000000 ---p 00000000 00:00 0 
7fb9e4000000-7fb9e4021000 rw-p 00000000 00:00 0 
7fb9e4021000-7fb9e8000000 ---p 00000000 00:00 0 
7fb9e8000000-7fb9e8a87000 rw-p 00000000 00:00 0 
7fb9e8a87000-7fb9ec000000 ---p 00000000 00:00 0 
7fb9ec000000-7fb9ec021000 rw-p 00000000 00:00 0 
7fb9ec021000-7fb9f0000000 ---p 00000000 00:00 0 
7fb9f0000000-7fb9f0021000 rw-p 00000000 00:00 0 
7fb9f0021000-7fb9f4000000 ---p 00000000 00:00 0 
7fb9f4000000-7fb9f4021000 rw-p 00000000 00:00 0 
7fb9f4021000-7fb9f8000000 ---p 00000000 00:00 0 
7fb9f8000000-7fb9f8280000 rw-p 00000000 00:00 0 
7fb9f8280000-7fb9fc000000 ---p 00000000 00:00 0 
7fb9fc000000-7fb9fc021000 rw-p 00000000 00:00 0 
7fb9fc021000-7fba00000000 ---p 00000000 00:00 0 
7fba00000000-7fba00021000 rw-p 00000000 00:00 0 
7fba00021000-7fba04000000 ---p 00000000 00:00 0 
7fba04000000-7fba04021000 rw-p 00000000 00:00 0 
7fba04021000-7fba08000000 ---p 00000000 00:00 0 
7fba08594000-7fba085b9000 r--p 00000000 08:04 2102529                    /usr/share/locale-langpack/es/LC_MESSAGES/libc.mo
7fba085b9000-7fba085bc000 ---p 00000000 00:00 0 
7fba085bc000-7fba086ba000 rw-p 00000000 00:00 0 
7fba086ba000-7fba086bd000 ---p 00000000 00:00 0 
7fba086bd000-7fba087bb000 rw-p 00000000 00:00 0 
7fba087bb000-7fba087be000 ---p 00000000 00:00 0 
7fba087be000-7fba088bc000 rw-p 00000000 00:00 0 
7fba088bc000-7fba088bf000 ---p 00000000 00:00 0 
7fba088bf000-7fba089bd000 rw-p 00000000 00:00 0 
7fba089bd000-7fba089c0000 ---p 00000000 00:00 0 
7fba089c0000-7fba08abe000 rw-p 00000000 00:00 0 
7fba08abe000-7fba08acb000 r--s 00071000 08:04 2517595                    /home/luis/workspace/TomAppServer/taller2/Cliente/app/build/intermediates/exploded-aar/com.google.android.gms/play-services-basement/9.6.1/jars/classes.jar
7fba08acb000-7fba08acc000 ---p 00000000 00:00 0 
7fba08acc000-7fba08bcc000 rw-p 00000000 00:00 0 
7fba08bcc000-7fba08bcf000 ---p 00000000 00:00 0 
7fba08bcf000-7fba08ccd000 rw-p 00000000 00:00 0 
7fba08ccd000-7fba08cd0000 ---p 00000000 00:00 0 
7fba08cd0000-7fba08dce000 rw-p 00000000 00:00 0 
7fba08dce000-7fba08dd1000 ---p 00000000 00:00 0 
7fba08dd1000-7fba08ecf000 rw-p 00000000 00:00 0 
7fba08ecf000-7fba08ed2000 ---p 00000000 00:00 0 
7fba08ed2000-7fba08fd0000 rw-p 00000000 00:00 0 
7fba08fd0000-7fba08fd3000 ---p 00000000 00:00 0 
7fba08fd3000-7fba090d1000 rw-p 00000000 00:00 0 
7fba090d1000-7fba09a90000 r--p 00000000 08:04 1449681                    /usr/lib/locale/locale-archive
7fba09a90000-7fba09a93000 ---p 00000000 00:00 0 
7fba09a93000-7fba09b91000 rw-p 00000000 00:00 0 
7fba09b91000-7fba09b94000 ---p 00000000 00:00 0 
7fba09b94000-7fba09c92000 rw-p 00000000 00:00 0 
7fba09c92000-7fba09c93000 ---p 00000000 00:00 0 
7fba09c93000-7fba0ae80000 rw-p 00000000 00:00 0 
7fba0ae80000-7fba0b000000 ---p 00000000 00:00 0 
7fba0b000000-7fba0d000000 rw-p 00000000 00:00 0 
7fba0d000000-7fba0d680000 rwxp 00000000 00:00 0 
7fba0d680000-7fba1c000000 ---p 00000000 00:00 0 
7fba1c000000-7fba1c39f000 rw-p 00000000 00:00 0 
7fba1c39f000-7fba20000000 ---p 00000000 00:00 0 
7fba20004000-7fba2000b000 r--s 00000000 08:04 1727111                    /usr/lib/x86_64-linux-gnu/gconv/gconv-modules.cache
7fba2000b000-7fba2055d000 rw-p 00000000 00:00 0 
7fba2055d000-7fba2072a000 r--s 03bec000 08:04 3288478                    /home/luis/Aplications/android-studio/jre/jre/lib/rt.jar
7fba2072a000-7fba209a0000 rw-p 00000000 00:00 0 
7fba209a0000-7fba209a1000 ---p 00000000 00:00 0 
7fba209a1000-7fba20aa1000 rw-p 00000000 00:00 0 
7fba20aa1000-7fba20aa2000 ---p 00000000 00:00 0 
7fba20aa2000-7fba20ba2000 rw-p 00000000 00:00 0 
7fba20ba2000-7fba20ba3000 ---p 00000000 00:00 0 
7fba20ba3000-7fba20ca3000 rw-p 00000000 00:00 0 
7fba20ca3000-7fba20ca4000 ---p 00000000 00:00 0 
7fba20ca4000-7fba20dc2000 rw-p 00000000 00:00 0 
7fba20dc2000-7fba20efa000 ---p 00000000 00:00 0 
7fba20efa000-7fba20f18000 rw-p 00000000 00:00 0 
7fba20f18000-7fba2104f000 ---p 00000000 00:00 0 
7fba2104f000-7fba2108c000 rw-p 00000000 00:00 0 
7fba2108c000-7fba210fa000 ---p 00000000 00:00 0 
7fba210fa000-7fba21115000 rw-p 00000000 00:00 0 
7fba21115000-7fba214bb000 ---p 00000000 00:00 0 
7fba214bb000-7fba214d5000 r-xp 00000000 08:04 3288505                    /home/luis/Aplications/android-studio/jre/jre/lib/amd64/libzip.so
7fba214d5000-7fba216d5000 ---p 0001a000 08:04 3288505                    /home/luis/Aplications/android-studio/jre/jre/lib/amd64/libzip.so
7fba216d5000-7fba216d6000 r--p 0001a000 08:04 3288505                    /home/luis/Aplications/android-studio/jre/jre/lib/amd64/libzip.so
7fba216d6000-7fba216d7000 rw-p 0001b000 08:04 3288505                    /home/luis/Aplications/android-studio/jre/jre/lib/amd64/libzip.so
7fba216d7000-7fba216e2000 r-xp 00000000 08:04 3950683                    /lib/x86_64-linux-gnu/libnss_files-2.23.so
7fba216e2000-7fba218e1000 ---p 0000b000 08:04 3950683                    /lib/x86_64-linux-gnu/libnss_files-2.23.so
7fba218e1000-7fba218e2000 r--p 0000a000 08:04 3950683                    /lib/x86_64-linux-gnu/libnss_files-2.23.so
7fba218e2000-7fba218e3000 rw-p 0000b000 08:04 3950683                    /lib/x86_64-linux-gnu/libnss_files-2.23.so
7fba218e3000-7fba218e9000 rw-p 00000000 00:00 0 
7fba218e9000-7fba218f4000 r-xp 00000000 08:04 3950680                    /lib/x86_64-linux-gnu/libnss_nis-2.23.so
7fba218f4000-7fba21af3000 ---p 0000b000 08:04 3950680                    /lib/x86_64-linux-gnu/libnss_nis-2.23.so
7fba21af3000-7fba21af4000 r--p 0000a000 08:04 3950680                    /lib/x86_64-linux-gnu/libnss_nis-2.23.so
7fba21af4000-7fba21af5000 rw-p 0000b000 08:04 3950680                    /lib/x86_64-linux-gnu/libnss_nis-2.23.so
7fba21af5000-7fba21b0b000 r-xp 00000000 08:04 3950678                    /lib/x86_64-linux-gnu/libnsl-2.23.so
7fba21b0b000-7fba21d0a000 ---p 00016000 08:04 3950678                    /lib/x86_64-linux-gnu/libnsl-2.23.so
7fba21d0a000-7fba21d0b000 r--p 00015000 08:04 3950678                    /lib/x86_64-linux-gnu/libnsl-2.23.so
7fba21d0b000-7fba21d0c000 rw-p 00016000 08:04 3950678                    /lib/x86_64-linux-gnu/libnsl-2.23.so
7fba21d0c000-7fba21d0e000 rw-p 00000000 00:00 0 
7fba21d0e000-7fba21d16000 r-xp 00000000 08:04 3950676                    /lib/x86_64-linux-gnu/libnss_compat-2.23.so
7fba21d16000-7fba21f15000 ---p 00008000 08:04 3950676                    /lib/x86_64-linux-gnu/libnss_compat-2.23.so
7fba21f15000-7fba21f16000 r--p 00007000 08:04 3950676                    /lib/x86_64-linux-gnu/libnss_compat-2.23.so
7fba21f16000-7fba21f17000 rw-p 00008000 08:04 3950676                    /lib/x86_64-linux-gnu/libnss_compat-2.23.so
7fba21f17000-7fba21f44000 r-xp 00000000 08:04 3288515                    /home/luis/Aplications/android-studio/jre/jre/lib/amd64/libjava.so
7fba21f44000-7fba22143000 ---p 0002d000 08:04 3288515                    /home/luis/Aplications/android-studio/jre/jre/lib/amd64/libjava.so
7fba22143000-7fba22144000 r--p 0002c000 08:04 3288515                    /home/luis/Aplications/android-studio/jre/jre/lib/amd64/libjava.so
7fba22144000-7fba22146000 rw-p 0002d000 08:04 3288515                    /home/luis/Aplications/android-studio/jre/jre/lib/amd64/libjava.so
7fba22146000-7fba22156000 r-xp 00000000 08:04 3288531                    /home/luis/Aplications/android-studio/jre/jre/lib/amd64/libverify.so
7fba22156000-7fba22355000 ---p 00010000 08:04 3288531                    /home/luis/Aplications/android-studio/jre/jre/lib/amd64/libverify.so
7fba22355000-7fba22357000 r--p 0000f000 08:04 3288531                    /home/luis/Aplications/android-studio/jre/jre/lib/amd64/libverify.so
7fba22357000-7fba22358000 rw-p 00011000 08:04 3288531                    /home/luis/Aplications/android-studio/jre/jre/lib/amd64/libverify.so
7fba22358000-7fba2235f000 r-xp 00000000 08:04 3950692                    /lib/x86_64-linux-gnu/librt-2.23.so
7fba2235f000-7fba2255e000 ---p 00007000 08:04 3950692                    /lib/x86_64-linux-gnu/librt-2.23.so
7fba2255e000-7fba2255f000 r--p 00006000 08:04 3950692                    /lib/x86_64-linux-gnu/librt-2.23.so
7fba2255f000-7fba22560000 rw-p 00007000 08:04 3950692                    /lib/x86_64-linux-gnu/librt-2.23.so
7fba22560000-7fba22668000 r-xp 00000000 08:04 3950689                    /lib/x86_64-linux-gnu/libm-2.23.so
7fba22668000-7fba22867000 ---p 00108000 08:04 3950689                    /lib/x86_64-linux-gnu/libm-2.23.so
7fba22867000-7fba22868000 r--p 00107000 08:04 3950689                    /lib/x86_64-linux-gnu/libm-2.23.so
7fba22868000-7fba22869000 rw-p 00108000 08:04 3950689                    /lib/x86_64-linux-gnu/libm-2.23.so
7fba22869000-7fba2344f000 r-xp 00000000 08:04 3288535                    /home/luis/Aplications/android-studio/jre/jre/lib/amd64/server/libjvm.so
7fba2344f000-7fba2364f000 ---p 00be6000 08:04 3288535                    /home/luis/Aplications/android-studio/jre/jre/lib/amd64/server/libjvm.so
7fba2364f000-7fba236ee000 r--p 00be6000 08:04 3288535                    /home/luis/Aplications/android-studio/jre/jre/lib/amd64/server/libjvm.so
7fba236ee000-7fba23717000 rw-p 00c85000 08:04 3288535                    /home/luis/Aplications/android-studio/jre/jre/lib/amd64/server/libjvm.so
7fba23717000-7fba23759000 rw-p 00000000 00:00 0 
7fba23759000-7fba23771000 r-xp 00000000 08:04 3950696                    /lib/x86_64-linux-gnu/libpthread-2.23.so
7fba23771000-7fba23970000 ---p 00018000 08:04 3950696                    /lib/x86_64-linux-gnu/libpthread-2.23.so
7fba23970000-7fba23971000 r--p 00017000 08:04 3950696                    /lib/x86_64-linux-gnu/libpthread-2.23.so
7fba23971000-7fba23972000 rw-p 00018000 08:04 3950696                    /lib/x86_64-linux-gnu/libpthread-2.23.so
7fba23972000-7fba23976000 rw-p 00000000 00:00 0 
7fba23976000-7fba23979000 r-xp 00000000 08:04 3950698                    /lib/x86_64-linux-gnu/libdl-2.23.so
7fba23979000-7fba23b78000 ---p 00003000 08:04 3950698                    /lib/x86_64-linux-gnu/libdl-2.23.so
7fba23b78000-7fba23b79000 r--p 00002000 08:04 3950698                    /lib/x86_64-linux-gnu/libdl-2.23.so
7fba23b79000-7fba23b7a000 rw-p 00003000 08:04 3950698                    /lib/x86_64-linux-gnu/libdl-2.23.so
7fba23b7a000-7fba23d39000 r-xp 00000000 08:04 3950697                    /lib/x86_64-linux-gnu/libc-2.23.so
7fba23d39000-7fba23f39000 ---p 001bf000 08:04 3950697                    /lib/x86_64-linux-gnu/libc-2.23.so
7fba23f39000-7fba23f3d000 r--p 001bf000 08:04 3950697                    /lib/x86_64-linux-gnu/libc-2.23.so
7fba23f3d000-7fba23f3f000 rw-p 001c3000 08:04 3950697                    /lib/x86_64-linux-gnu/libc-2.23.so
7fba23f3f000-7fba23f43000 rw-p 00000000 00:00 0 
7fba23f43000-7fba23f59000 r-xp 00000000 08:04 3288397                    /home/luis/Aplications/android-studio/jre/lib/amd64/jli/libjli.so
7fba23f59000-7fba24158000 ---p 00016000 08:04 3288397                    /home/luis/Aplications/android-studio/jre/lib/amd64/jli/libjli.so
7fba24158000-7fba24159000 r--p 00015000 08:04 3288397                    /home/luis/Aplications/android-studio/jre/lib/amd64/jli/libjli.so
7fba24159000-7fba2415a000 rw-p 00016000 08:04 3288397                    /home/luis/Aplications/android-studio/jre/lib/amd64/jli/libjli.so
7fba2415a000-7fba24180000 r-xp 00000000 08:04 3950693                    /lib/x86_64-linux-gnu/ld-2.23.so
7fba24186000-7fba2425f000 rw-p 00000000 00:00 0 
7fba2425f000-7fba24262000 ---p 00000000 00:00 0 
7fba24262000-7fba24364000 rw-p 00000000 00:00 0 
7fba24365000-7fba24373000 r--s 000e0000 08:04 2893699                    /home/luis/Android/Sdk/build-tools/24.0.2/lib/dx.jar
7fba24373000-7fba2437b000 rw-s 00000000 08:04 2906683                    /tmp/hsperfdata_luis/24870
7fba2437b000-7fba2437c000 rw-p 00000000 00:00 0 
7fba2437c000-7fba2437d000 ---p 00000000 00:00 0 
7fba2437d000-7fba2437f000 rw-p 00000000 00:00 0 
7fba2437f000-7fba24380000 r--p 00025000 08:04 3950693                    /lib/x86_64-linux-gnu/ld-2.23.so
7fba24380000-7fba24381000 rw-p 00026000 08:04 3950693                    /lib/x86_64-linux-gnu/ld-2.23.so
7fba24381000-7fba24382000 rw-p 00000000 00:00 0 
7fff5064d000-7fff5066e000 rw-p 00000000 00:00 0                          [stack]
7fff50671000-7fff50673000 r--p 00000000 00:00 0                          [vvar]
7fff50673000-7fff50675000 r-xp 00000000 00:00 0                          [vdso]
ffffffffff600000-ffffffffff601000 r-xp 00000000 00:00 0                  [vsyscall]

VM Arguments:
jvm_args: -Djava.awt.headless=true -Xmx1024M -Dfile.encoding=UTF-8 -Duser.country=AR -Duser.language=es -Duser.variant 
java_command: com.android.dx.command.Main --dex --force-jumbo --num-threads=4 --multi-dex --output /home/luis/workspace/TomAppServer/taller2/Cliente/app/build/intermediates/transforms/dex/debug/folders/1000/10/com.google.android.gms-play-services-basement-9.6.1_9d738094974aedc776e339aef1eda12df6a31133 /home/luis/workspace/TomAppServer/taller2/Cliente/app/build/intermediates/exploded-aar/com.google.android.gms/play-services-basement/9.6.1/jars/classes.jar
java_class_path (initial): /home/luis/Android/Sdk/build-tools/24.0.2/lib/dx.jar
Launcher Type: SUN_STANDARD

Environment Variables:
JAVA_HOME=/usr/lib/jvm/java-8-oracle
PATH=/home/luis/bin:/home/luis/.local/bin:/usr/local/sbin:/usr/local/bin:/usr/sbin:/usr/bin:/sbin:/bin:/usr/games:/usr/local/games:/snap/bin:/usr/lib/jvm/java-8-oracle/bin:/usr/lib/jvm/java-8-oracle/db/bin:/usr/lib/jvm/java-8-oracle/jre/bin
LD_LIBRARY_PATH=/home/luis/Aplications/android-studio/bin:
SHELL=/bin/bash
DISPLAY=:0

Signal Handlers:
SIGSEGV: [libjvm.so+0x9daac0], sa_mask[0]=11111111011111111101111111111110, sa_flags=SA_RESTART|SA_SIGINFO
SIGBUS: [libjvm.so+0x9daac0], sa_mask[0]=11111111011111111101111111111110, sa_flags=SA_RESTART|SA_SIGINFO
SIGFPE: [libjvm.so+0x840d90], sa_mask[0]=11111111011111111101111111111110, sa_flags=SA_RESTART|SA_SIGINFO
SIGPIPE: [libjvm.so+0x840d90], sa_mask[0]=11111111011111111101111111111110, sa_flags=SA_RESTART|SA_SIGINFO
SIGXFSZ: [libjvm.so+0x840d90], sa_mask[0]=11111111011111111101111111111110, sa_flags=SA_RESTART|SA_SIGINFO
SIGILL: [libjvm.so+0x840d90], sa_mask[0]=11111111011111111101111111111110, sa_flags=SA_RESTART|SA_SIGINFO
SIGUSR1: SIG_DFL, sa_mask[0]=00000000000000000000000000000000, sa_flags=none
SIGUSR2: [libjvm.so+0x840c60], sa_mask[0]=00100000000000000000000000000000, sa_flags=SA_RESTART|SA_SIGINFO
SIGHUP: [libjvm.so+0x840e50], sa_mask[0]=11111111011111111101111111111110, sa_flags=SA_RESTART|SA_SIGINFO
SIGINT: [libjvm.so+0x840e50], sa_mask[0]=11111111011111111101111111111110, sa_flags=SA_RESTART|SA_SIGINFO
SIGTERM: [libjvm.so+0x840e50], sa_mask[0]=11111111011111111101111111111110, sa_flags=SA_RESTART|SA_SIGINFO
SIGQUIT: [libjvm.so+0x840e50], sa_mask[0]=11111111011111111101111111111110, sa_flags=SA_RESTART|SA_SIGINFO


---------------  S Y S T E M  ---------------

OS:DISTRIB_ID=Ubuntu
DISTRIB_RELEASE=16.04
DISTRIB_CODENAME=xenial
DISTRIB_DESCRIPTION="Ubuntu 16.04.1 LTS"

uname:Linux 4.4.0-45-generic #66-Ubuntu SMP Wed Oct 19 14:12:37 UTC 2016 x86_64
libc:glibc 2.23 NPTL 2.23 
rlimit: STACK 8192k, CORE 0k, NPROC 22138, NOFILE 65536, AS infinity
load average:10,96 3,73 1,77

/proc/meminfo:
MemTotal:        5886916 kB
MemFree:           94980 kB
MemAvailable:      28072 kB
Buffers:             592 kB
Cached:           441372 kB
SwapCached:         7112 kB
Active:          4344516 kB
Inactive:        1104956 kB
Active(anon):    4317912 kB
Inactive(anon):  1080680 kB
Active(file):      26604 kB
Inactive(file):    24276 kB
Unevictable:         688 kB
Mlocked:             688 kB
SwapTotal:       6067196 kB
SwapFree:              0 kB
Dirty:               108 kB
Writeback:             0 kB
AnonPages:       5004476 kB
Mapped:           179872 kB
Shmem:            391108 kB
Slab:             133208 kB
SReclaimable:      68792 kB
SUnreclaim:        64416 kB
KernelStack:       21392 kB
PageTables:       109752 kB
NFS_Unstable:          0 kB
Bounce:                0 kB
WritebackTmp:          0 kB
CommitLimit:     9010652 kB
Committed_AS:   24386544 kB
VmallocTotal:   34359738367 kB
VmallocUsed:           0 kB
VmallocChunk:          0 kB
HardwareCorrupted:     0 kB
AnonHugePages:   1312768 kB
CmaTotal:              0 kB
CmaFree:               0 kB
HugePages_Total:       0
HugePages_Free:        0
HugePages_Rsvd:        0
HugePages_Surp:        0
Hugepagesize:       2048 kB
DirectMap4k:      327604 kB
DirectMap2M:     5740544 kB


CPU:total 4 (2 cores per cpu, 2 threads per core) family 6 model 58 stepping 9, cmov, cx8, fxsr, mmx, sse, sse2, sse3, ssse3, sse4.1, sse4.2, popcnt, avx, aes, clmul, erms, ht, tsc, tscinvbit, tscinv

/proc/cpuinfo:
processor	: 0
vendor_id	: GenuineIntel
cpu family	: 6
model		: 58
model name	: Intel(R) Core(TM) i5-3317U CPU @ 1.70GHz
stepping	: 9
microcode	: 0x17
cpu MHz		: 1599.992
cache size	: 3072 KB
physical id	: 0
siblings	: 4
core id		: 0
cpu cores	: 2
apicid		: 0
initial apicid	: 0
fpu		: yes
fpu_exception	: yes
cpuid level	: 13
wp		: yes
flags		: fpu vme de pse tsc msr pae mce cx8 apic sep mtrr pge mca cmov pat pse36 clflush dts acpi mmx fxsr sse sse2 ss ht tm pbe syscall nx rdtscp lm constant_tsc arch_perfmon pebs bts rep_good nopl xtopology nonstop_tsc aperfmperf eagerfpu pni pclmulqdq dtes64 monitor ds_cpl vmx est tm2 ssse3 cx16 xtpr pdcm pcid sse4_1 sse4_2 x2apic popcnt tsc_deadline_timer aes xsave avx f16c rdrand lahf_lm epb tpr_shadow vnmi flexpriority ept vpid fsgsbase smep erms xsaveopt dtherm ida arat pln pts
bugs		:
bogomips	: 3392.49
clflush size	: 64
cache_alignment	: 64
address sizes	: 36 bits physical, 48 bits virtual
power management:

processor	: 1
vendor_id	: GenuineIntel
cpu family	: 6
model		: 58
model name	: Intel(R) Core(TM) i5-3317U CPU @ 1.70GHz
stepping	: 9
microcode	: 0x17
cpu MHz		: 1599.992
cache size	: 3072 KB
physical id	: 0
siblings	: 4
core id		: 0
cpu cores	: 2
apicid		: 1
initial apicid	: 1
fpu		: yes
fpu_exception	: yes
cpuid level	: 13
wp		: yes
flags		: fpu vme de pse tsc msr pae mce cx8 apic sep mtrr pge mca cmov pat pse36 clflush dts acpi mmx fxsr sse sse2 ss ht tm pbe syscall nx rdtscp lm constant_tsc arch_perfmon pebs bts rep_good nopl xtopology nonstop_tsc aperfmperf eagerfpu pni pclmulqdq dtes64 monitor ds_cpl vmx est tm2 ssse3 cx16 xtpr pdcm pcid sse4_1 sse4_2 x2apic popcnt tsc_deadline_timer aes xsave avx f16c rdrand lahf_lm epb tpr_shadow vnmi flexpriority ept vpid fsgsbase smep erms xsaveopt dtherm arat pln pts
bugs		:
bogomips	: 3392.49
clflush size	: 64
cache_alignment	: 64
address sizes	: 36 bits physical, 48 bits virtual
power management:

processor	: 2
vendor_id	: GenuineIntel
cpu family	: 6
model		: 58
model name	: Intel(R) Core(TM) i5-3317U CPU @ 1.70GHz
stepping	: 9
microcode	: 0x17
cpu MHz		: 1599.992
cache size	: 3072 KB
physical id	: 0
siblings	: 4
core id		: 1
cpu cores	: 2
apicid		: 2
initial apicid	: 2
fpu		: yes
fpu_exception	: yes
cpuid level	: 13
wp		: yes
flags		: fpu vme de pse tsc msr pae mce cx8 apic sep mtrr pge mca cmov pat pse36 clflush dts acpi mmx fxsr sse sse2 ss ht tm pbe syscall nx rdtscp lm constant_tsc arch_perfmon pebs bts rep_good nopl xtopology nonstop_tsc aperfmperf eagerfpu pni pclmulqdq dtes64 monitor ds_cpl vmx est tm2 ssse3 cx16 xtpr pdcm pcid sse4_1 sse4_2 x2apic popcnt tsc_deadline_timer aes xsave avx f16c rdrand lahf_lm epb tpr_shadow vnmi flexpriority ept vpid fsgsbase smep erms xsaveopt dtherm arat pln pts
bugs		:
bogomips	: 3392.49
clflush size	: 64
cache_alignment	: 64
address sizes	: 36 bits physical, 48 bits virtual
power management:

processor	: 3
vendor_id	: GenuineIntel
cpu family	: 6
model		: 58
model name	: Intel(R) Core(TM) i5-3317U CPU @ 1.70GHz
stepping	: 9
microcode	: 0x17
cpu MHz		: 1599.992
cache size	: 3072 KB
physical id	: 0
siblings	: 4
core id		: 1
cpu cores	: 2
apicid		: 3
initial apicid	: 3
fpu		: yes
fpu_exception	: yes
cpuid level	: 13
wp		: yes
flags		: fpu vme de pse tsc msr pae mce cx8 apic sep mtrr pge mca cmov pat pse36 clflush dts acpi mmx fxsr sse sse2 ss ht tm pbe syscall nx rdtscp lm constant_tsc arch_perfmon pebs bts rep_good nopl xtopology nonstop_tsc aperfmperf eagerfpu pni pclmulqdq dtes64 monitor ds_cpl vmx est tm2 ssse3 cx16 xtpr pdcm pcid sse4_1 sse4_2 x2apic popcnt tsc_deadline_timer aes xsave avx f16c rdrand lahf_lm epb tpr_shadow vnmi flexpriority ept vpid fsgsbase smep erms xsaveopt dtherm arat pln pts
bugs		:
bogomips	: 3392.49
clflush size	: 64
cache_alignment	: 64
address sizes	: 36 bits physical, 48 bits virtual
power management:



Memory: 4k page, physical 5886916k(95276k free), swap 6067196k(0k free)

vm_info: OpenJDK 64-Bit Server VM (25.76-b03) for linux-amd64 JRE (1.8.0_76-release-b03), built on Jun 29 2016 09:39:19 by "builder" with gcc 4.8.4

time: Thu Nov 10 13:32:16 2016
elapsed time: 14 seconds (0d 0h 0m 14s)

