\BOOKMARK [0][-]{chapter.1}{\376\377\000A\000p\000p\000S\000e\000r\000v\000e\000r}{}% 1
\BOOKMARK [1][-]{section.1.1}{\376\377\000D\000o\000c\000u\000m\000e\000n\000t\000a\000c\000i\000\363\000n\000\040\000t\000\351\000c\000n\000i\000c\000a\000\040\000d\000e\000l\000\040\000A\000p\000p\000S\000e\000r\000v\000e\000r}{chapter.1}% 2
\BOOKMARK [2][-]{subsection.1.1.1}{\376\377\000O\000b\000j\000e\000t\000i\000v\000o}{section.1.1}% 3
\BOOKMARK [2][-]{subsection.1.1.2}{\376\377\000D\000i\000s\000t\000r\000i\000b\000u\000c\000i\000\363\000n}{section.1.1}% 4
\BOOKMARK [2][-]{subsection.1.1.3}{\376\377\000C\000o\000m\000p\000i\000l\000a\000c\000i\000\363\000n}{section.1.1}% 5
\BOOKMARK [2][-]{subsection.1.1.4}{\376\377\000E\000j\000e\000c\000u\000c\000i\000\363\000n}{section.1.1}% 6
\BOOKMARK [2][-]{subsection.1.1.5}{\376\377\000C\000o\000n\000t\000a\000c\000t\000o}{section.1.1}% 7
\BOOKMARK [2][-]{subsection.1.1.6}{\376\377\000R\000e\000f\000e\000r\000e\000n\000c\000i\000a\000s}{section.1.1}% 8
\BOOKMARK [1][-]{section.1.2}{\376\377\000E\000s\000p\000e\000c\000i\000f\000i\000c\000a\000c\000i\000\363\000n\000\040\000T\000\351\000c\000n\000i\000c\000a\000\040\000A\000P\000I\000R\000e\000s\000t}{chapter.1}% 9
\BOOKMARK [2][-]{subsection.1.2.1}{\376\377\000O\000b\000j\000e\000t\000i\000v\000o}{section.1.2}% 10
\BOOKMARK [2][-]{subsection.1.2.2}{\376\377\000S\000e\000r\000v\000i\000c\000i\000o\000\040\000d\000e\000\040\000a\000u\000t\000e\000n\000t\000i\000c\000a\000c\000i\000\363\000n}{section.1.2}% 11
\BOOKMARK [2][-]{subsection.1.2.3}{\376\377\000S\000e\000r\000v\000i\000c\000i\000o\000\040\000d\000e\000\040\000b\000\372\000s\000q\000u\000e\000d\000a\000\040\000d\000e\000\040\000p\000r\000o\000f\000e\000s\000i\000o\000n\000a\000l\000e\000s}{section.1.2}% 12
\BOOKMARK [2][-]{subsection.1.2.4}{\376\377\000S\000e\000r\000v\000i\000c\000i\000o\000\040\000d\000e\000\040\000a\000c\000t\000u\000a\000l\000i\000z\000a\000c\000i\000\363\000n\000\040\000d\000e\000\040\000u\000b\000i\000c\000a\000c\000i\000\363\000n}{section.1.2}% 13
\BOOKMARK [2][-]{subsection.1.2.5}{\376\377\000S\000e\000r\000v\000i\000c\000i\000o\000\040\000d\000e\000\040\000v\000i\000s\000t\000a\000\040\000d\000e\000\040\000m\000i\000s\000\040\000c\000o\000n\000t\000a\000c\000t\000o\000s}{section.1.2}% 14
\BOOKMARK [2][-]{subsection.1.2.6}{\376\377\000S\000e\000r\000v\000i\000c\000i\000o\000\040\000d\000e\000\040\000a\000g\000r\000e\000g\000a\000r\000\040\000c\000o\000n\000t\000a\000c\000t\000o}{section.1.2}% 15
\BOOKMARK [2][-]{subsection.1.2.7}{\376\377\000S\000e\000r\000v\000i\000c\000i\000o\000\040\000d\000e\000\040\000v\000i\000s\000t\000a\000\040\000r\000e\000s\000p\000u\000e\000s\000t\000a\000\040\000d\000e\000\040\000s\000o\000l\000i\000c\000i\000t\000u\000d\000e\000s\000\040\000d\000e\000\040\000c\000o\000n\000t\000a\000c\000t\000o\000s}{section.1.2}% 16
\BOOKMARK [2][-]{subsection.1.2.8}{\376\377\000S\000e\000r\000v\000i\000c\000i\000o\000\040\000d\000e\000\040\000v\000i\000s\000t\000a\000\040\000d\000e\000\040\000s\000o\000l\000i\000c\000i\000t\000u\000d\000e\000s\000\040\000p\000e\000n\000d\000i\000e\000n\000t\000e\000s\000\040\000d\000e\000\040\000c\000o\000n\000t\000a\000c\000t\000o\000s}{section.1.2}% 17
\BOOKMARK [2][-]{subsection.1.2.9}{\376\377\000S\000e\000r\000v\000i\000c\000i\000o\000\040\000d\000e\000\040\000r\000e\000c\000o\000m\000e\000n\000d\000a\000c\000i\000\363\000n}{section.1.2}% 18
\BOOKMARK [2][-]{subsection.1.2.10}{\376\377\000S\000e\000r\000v\000i\000c\000i\000o\000\040\000d\000e\000\040\000c\000o\000n\000s\000u\000l\000t\000a\000\040\000d\000e\000\040\000u\000s\000u\000a\000r\000i\000o\000s\000\040\000m\000\341\000s\000\040\000p\000o\000p\000u\000l\000a\000r\000e\000s}{section.1.2}% 19
\BOOKMARK [2][-]{subsection.1.2.11}{\376\377\000S\000e\000r\000v\000i\000c\000i\000o\000\040\000d\000e\000\040\000c\000o\000n\000v\000e\000r\000s\000a\000c\000i\000o\000n\000e\000s}{section.1.2}% 20
\BOOKMARK [2][-]{subsection.1.2.12}{\376\377\000S\000e\000r\000v\000i\000c\000i\000o\000\040\000d\000e\000\040\000e\000n\000v\000i\000o\000\040\000d\000e\000\040\000m\000e\000n\000s\000a\000j\000e\000s}{section.1.2}% 21
\BOOKMARK [2][-]{subsection.1.2.13}{\376\377\000S\000e\000r\000v\000i\000c\000i\000o\000\040\000d\000e\000\040\000c\000o\000n\000s\000u\000l\000t\000a\000\040\000d\000e\000\040\000p\000e\000r\000f\000i\000l\000\040\000d\000e\000\040\000o\000t\000r\000o\000s\000\040\000u\000s\000u\000a\000r\000i\000o\000s}{section.1.2}% 22
\BOOKMARK [2][-]{subsection.1.2.14}{\376\377\000S\000e\000r\000v\000i\000c\000i\000o\000\040\000d\000e\000\040\000c\000o\000n\000s\000u\000l\000t\000a\000\040\000d\000e\000\040\000p\000e\000r\000f\000i\000l}{section.1.2}% 23
\BOOKMARK [2][-]{subsection.1.2.15}{\376\377\000S\000e\000r\000v\000i\000c\000i\000o\000\040\000d\000e\000\040\000a\000d\000m\000i\000n\000i\000s\000t\000r\000a\000c\000i\000\363\000n\000\040\000d\000e\000\040\000p\000e\000r\000f\000i\000l\000\040\000d\000e\000\040\000u\000s\000u\000a\000r\000i\000o}{section.1.2}% 24
\BOOKMARK [2][-]{subsection.1.2.16}{\376\377\000S\000e\000r\000v\000i\000c\000i\000o\000\040\000d\000e\000\040\000a\000d\000m\000i\000n\000i\000s\000t\000r\000a\000c\000i\000\363\000n\000\040\000d\000e\000\040\000s\000k\000i\000l\000l\000s\000\040\000d\000e\000\040\000u\000s\000u\000a\000r\000i\000o}{section.1.2}% 25
\BOOKMARK [2][-]{subsection.1.2.17}{\376\377\000S\000e\000r\000v\000i\000c\000i\000o\000\040\000d\000e\000\040\000a\000d\000m\000i\000n\000i\000s\000t\000r\000a\000c\000i\000\363\000n\000\040\000d\000e\000\040\000a\000g\000r\000e\000g\000a\000r\000\040\000u\000n\000\040\000s\000k\000i\000l\000l\000\040\000a\000l\000\040\000u\000s\000u\000a\000r\000i\000o}{section.1.2}% 26
\BOOKMARK [2][-]{subsection.1.2.18}{\376\377\000S\000e\000r\000v\000i\000c\000i\000o\000\040\000d\000e\000\040\000a\000d\000m\000i\000n\000i\000s\000t\000r\000a\000c\000i\000\363\000n\000\040\000d\000e\000\040\000e\000l\000i\000m\000i\000n\000a\000c\000i\000\363\000n\000\040\000d\000e\000\040\000u\000n\000\040\000s\000k\000i\000l\000l\000\040\000d\000e\000\040\000u\000s\000u\000a\000r\000i\000o}{section.1.2}% 27
\BOOKMARK [2][-]{subsection.1.2.19}{\376\377\000S\000e\000r\000v\000i\000c\000i\000o\000\040\000d\000e\000\040\000a\000d\000m\000i\000n\000i\000s\000t\000r\000a\000c\000i\000\363\000n\000\040\000d\000e\000\040\000o\000b\000t\000e\000n\000c\000i\000\363\000n\000\040\000d\000e\000\040\000u\000n\000\040\000s\000k\000i\000l\000l\000\040\000e\000n\000\040\000p\000a\000r\000t\000i\000c\000u\000l\000a\000r}{section.1.2}% 28
\BOOKMARK [2][-]{subsection.1.2.20}{\376\377\000S\000e\000r\000v\000i\000c\000i\000o\000\040\000d\000e\000\040\000a\000d\000m\000i\000n\000i\000s\000t\000r\000a\000c\000i\000\363\000n\000\040\000d\000e\000\040\000j\000o\000b\000\040\000p\000o\000s\000i\000t\000i\000o\000n\000s\000\040\000d\000e\000\040\000u\000s\000u\000a\000r\000i\000o}{section.1.2}% 29
\BOOKMARK [2][-]{subsection.1.2.21}{\376\377\000S\000e\000r\000v\000i\000c\000i\000o\000\040\000d\000e\000\040\000a\000d\000m\000i\000n\000i\000s\000t\000r\000a\000c\000i\000\363\000n\000\040\000d\000e\000\040\000a\000g\000r\000e\000g\000a\000r\000\040\000u\000n\000\040\000j\000o\000b\000\040\000p\000o\000s\000i\000t\000i\000o\000n\000s\000\040\000a\000l\000\040\000u\000s\000u\000a\000r\000i\000o}{section.1.2}% 30
\BOOKMARK [2][-]{subsection.1.2.22}{\376\377\000S\000e\000r\000v\000i\000c\000i\000o\000\040\000d\000e\000\040\000a\000d\000m\000i\000n\000i\000s\000t\000r\000a\000c\000i\000\363\000n\000\040\000d\000e\000\040\000e\000l\000i\000m\000i\000n\000a\000c\000i\000\363\000n\000\040\000d\000e\000\040\000u\000n\000\040\000j\000o\000b\000\040\000p\000o\000s\000i\000t\000i\000o\000n\000\040\000d\000e\000\040\000u\000s\000u\000a\000r\000i\000o}{section.1.2}% 31
\BOOKMARK [2][-]{subsection.1.2.23}{\376\377\000S\000e\000r\000v\000i\000c\000i\000o\000\040\000d\000e\000\040\000a\000d\000m\000i\000n\000i\000s\000t\000r\000a\000c\000i\000\363\000n\000\040\000d\000e\000\040\000o\000b\000t\000e\000n\000c\000i\000\363\000n\000\040\000d\000e\000\040\000u\000n\000\040\000j\000o\000b\000P\000o\000s\000i\000t\000i\000o\000n\000\040\000e\000n\000\040\000p\000a\000r\000t\000i\000c\000u\000l\000a\000r}{section.1.2}% 32
\BOOKMARK [2][-]{subsection.1.2.24}{\376\377\000S\000e\000r\000v\000i\000c\000i\000o\000\040\000d\000e\000\040\000r\000e\000g\000i\000s\000t\000r\000a\000c\000i\000\363\000n\000\040\000d\000e\000\040\000t\000o\000k\000e\000n\000\040\000F\000i\000r\000e\000b\000a\000s\000e\000\040\000C\000l\000o\000u\000d\000\040\000M\000e\000s\000s\000a\000g\000e\000s}{section.1.2}% 33
\BOOKMARK [1][-]{section.1.3}{\376\377\000P\000r\000u\000e\000b\000a\000s\000\040\000U\000n\000i\000t\000a\000r\000i\000a\000s\000\040\000y\000\040\000f\000u\000n\000c\000i\000o\000n\000a\000l\000e\000s}{chapter.1}% 34
\BOOKMARK [2][-]{subsection.1.3.1}{\376\377\000O\000b\000j\000e\000t\000i\000v\000o}{section.1.3}% 35
\BOOKMARK [2][-]{subsection.1.3.2}{\376\377\000R\000e\000a\000l\000i\000z\000a\000c\000i\000\363\000n}{section.1.3}% 36
\BOOKMARK [2][-]{subsection.1.3.3}{\376\377\000E\000j\000e\000c\000u\000c\000i\000\363\000n}{section.1.3}% 37
\BOOKMARK [2][-]{subsection.1.3.4}{\376\377\000C\000o\000v\000e\000r\000a\000g\000e}{section.1.3}% 38
\BOOKMARK [2][-]{subsection.1.3.5}{\376\377\000R\000e\000f\000e\000r\000e\000n\000c\000i\000a\000s}{section.1.3}% 39
\BOOKMARK [0][-]{chapter.2}{\376\377\000A\000p\000l\000i\000c\000a\000c\000i\000\363\000n\000\040\000A\000n\000d\000r\000o\000i\000d}{}% 40
\BOOKMARK [0][-]{chapter.3}{\376\377\000S\000h\000a\000r\000e\000d\000S\000e\000r\000v\000e\000r}{}% 41
\BOOKMARK [1][-]{section.3.1}{\376\377\000O\000b\000j\000e\000t\000i\000v\000o}{chapter.3}% 42
\BOOKMARK [1][-]{section.3.2}{\376\377\000R\000e\000q\000u\000i\000s\000i\000t\000o\000s\000:}{chapter.3}% 43
\BOOKMARK [1][-]{section.3.3}{\376\377\000D\000i\000s\000t\000r\000i\000b\000u\000c\000i\000\363\000n}{chapter.3}% 44
\BOOKMARK [1][-]{section.3.4}{\376\377\000C\000o\000n\000s\000t\000r\000u\000c\000c\000i\000\363\000n\000\040\000d\000e\000\040\000I\000m\000\341\000g\000e\000n\000e\000s\000\040\000D\000o\000c\000k\000e\000r\000\040\000\050\000B\000u\000i\000l\000d\000s\000\051}{chapter.3}% 45
\BOOKMARK [1][-]{section.3.5}{\376\377\000E\000j\000e\000c\000u\000c\000i\000\363\000n}{chapter.3}% 46
\BOOKMARK [1][-]{section.3.6}{\376\377\000E\000s\000t\000r\000u\000c\000t\000u\000r\000a}{chapter.3}% 47
\BOOKMARK [1][-]{section.3.7}{\376\377\000B\000a\000s\000e\000\040\000d\000e\000\040\000d\000a\000t\000o\000s}{chapter.3}% 48
\BOOKMARK [1][-]{section.3.8}{\376\377\000A\000d\000m\000i\000n\000i\000s\000t\000r\000a\000c\000i\000o\000n\000\040\000w\000e\000b}{chapter.3}% 49
\BOOKMARK [1][-]{section.3.9}{\376\377\000C\000o\000n\000t\000a\000c\000t\000o}{chapter.3}% 50
\BOOKMARK [1][-]{section.3.10}{\376\377\000R\000e\000f\000e\000r\000e\000n\000c\000i\000a\000s}{chapter.3}% 51
